[2023-12-11T22:51:41.617+0000] {taskinstance.py:1159} INFO - Dependencies all met for dep_context=non-requeueable deps ti=<TaskInstance: postgres_dag_v03.delete_from_postgres_table scheduled__2023-12-07T00:00:00+00:00 [queued]>
[2023-12-11T22:51:41.808+0000] {taskinstance.py:1159} INFO - Dependencies all met for dep_context=requeueable deps ti=<TaskInstance: postgres_dag_v03.delete_from_postgres_table scheduled__2023-12-07T00:00:00+00:00 [queued]>
[2023-12-11T22:51:41.822+0000] {taskinstance.py:1361} INFO - Starting attempt 1 of 4
[2023-12-11T22:51:42.183+0000] {taskinstance.py:1382} INFO - Executing <Task(PostgresOperator): delete_from_postgres_table> on 2023-12-07 00:00:00+00:00
[2023-12-11T22:51:43.131+0000] {standard_task_runner.py:57} INFO - Started process 16535 to run task
[2023-12-11T22:51:43.255+0000] {standard_task_runner.py:84} INFO - Running: ['***', 'tasks', 'run', 'postgres_dag_v03', 'delete_from_postgres_table', 'scheduled__2023-12-07T00:00:00+00:00', '--job-id', '325', '--raw', '--subdir', 'DAGS_FOLDER/postgres_dag.py', '--cfg-path', '/tmp/tmp5iciu_bj']
[2023-12-11T22:51:43.476+0000] {standard_task_runner.py:85} INFO - Job 325: Subtask delete_from_postgres_table
[2023-12-11T22:51:44.957+0000] {task_command.py:416} INFO - Running <TaskInstance: postgres_dag_v03.delete_from_postgres_table scheduled__2023-12-07T00:00:00+00:00 [running]> on host d5f251ea7e03
[2023-12-11T22:51:46.378+0000] {taskinstance.py:1662} INFO - Exporting env vars: AIRFLOW_CTX_DAG_OWNER='sajal' AIRFLOW_CTX_DAG_ID='postgres_dag_v03' AIRFLOW_CTX_TASK_ID='delete_from_postgres_table' AIRFLOW_CTX_EXECUTION_DATE='2023-12-07T00:00:00+00:00' AIRFLOW_CTX_TRY_NUMBER='1' AIRFLOW_CTX_DAG_RUN_ID='scheduled__2023-12-07T00:00:00+00:00'
[2023-12-11T22:51:46.573+0000] {sql.py:274} INFO - Executing: 
            delete from dag_runs where dt = '2023-12-07' and dag_id = 'postgres_dag_v03';
        
[2023-12-11T22:51:47.210+0000] {base.py:73} INFO - Using connection ID 'postgres_localhost' for task execution.
[2023-12-11T22:51:47.969+0000] {base.py:73} INFO - Using connection ID 'postgres_localhost' for task execution.
[2023-12-11T22:51:48.377+0000] {sql.py:418} INFO - Running statement: 
            delete from dag_runs where dt = '2023-12-07' and dag_id = 'postgres_dag_v03';
        , parameters: None
[2023-12-11T22:51:48.518+0000] {sql.py:427} INFO - Rows affected: 0
[2023-12-11T22:51:48.657+0000] {taskinstance.py:1400} INFO - Marking task as SUCCESS. dag_id=postgres_dag_v03, task_id=delete_from_postgres_table, execution_date=20231207T000000, start_date=20231211T225141, end_date=20231211T225148
[2023-12-11T22:51:51.308+0000] {local_task_job_runner.py:228} INFO - Task exited with return code 0
[2023-12-11T22:51:52.083+0000] {taskinstance.py:2778} INFO - 1 downstream tasks scheduled from follow-on schedule check
