[2023-12-11T22:27:25.600+0000] {taskinstance.py:1159} INFO - Dependencies all met for dep_context=non-requeueable deps ti=<TaskInstance: postgres_dag.create_postgres_table scheduled__2023-12-11T08:35:00+00:00 [queued]>
[2023-12-11T22:27:25.719+0000] {taskinstance.py:1159} INFO - Dependencies all met for dep_context=requeueable deps ti=<TaskInstance: postgres_dag.create_postgres_table scheduled__2023-12-11T08:35:00+00:00 [queued]>
[2023-12-11T22:27:25.735+0000] {taskinstance.py:1361} INFO - Starting attempt 1 of 4
[2023-12-11T22:27:25.906+0000] {taskinstance.py:1382} INFO - Executing <Task(PostgresOperator): create_postgres_table> on 2023-12-11 08:35:00+00:00
[2023-12-11T22:27:26.175+0000] {standard_task_runner.py:57} INFO - Started process 6205 to run task
[2023-12-11T22:27:26.418+0000] {standard_task_runner.py:84} INFO - Running: ['***', 'tasks', 'run', 'postgres_dag', 'create_postgres_table', 'scheduled__2023-12-11T08:35:00+00:00', '--job-id', '225', '--raw', '--subdir', 'DAGS_FOLDER/postgres_dag.py', '--cfg-path', '/tmp/tmpa2gbgq6k']
[2023-12-11T22:27:26.514+0000] {standard_task_runner.py:85} INFO - Job 225: Subtask create_postgres_table
[2023-12-11T22:27:27.419+0000] {task_command.py:416} INFO - Running <TaskInstance: postgres_dag.create_postgres_table scheduled__2023-12-11T08:35:00+00:00 [running]> on host d5f251ea7e03
[2023-12-11T22:27:28.143+0000] {taskinstance.py:1662} INFO - Exporting env vars: AIRFLOW_CTX_DAG_OWNER='sajal' AIRFLOW_CTX_DAG_ID='postgres_dag' AIRFLOW_CTX_TASK_ID='create_postgres_table' AIRFLOW_CTX_EXECUTION_DATE='2023-12-11T08:35:00+00:00' AIRFLOW_CTX_TRY_NUMBER='1' AIRFLOW_CTX_DAG_RUN_ID='scheduled__2023-12-11T08:35:00+00:00'
[2023-12-11T22:27:28.286+0000] {sql.py:274} INFO - Executing: 
            create table if not exists dag_runs (
                dt date,
                dag_id character varying,
                primary key (dt, dag_id)
            )
        
[2023-12-11T22:27:28.502+0000] {base.py:73} INFO - Using connection ID 'postgres_localhost' for task execution.
[2023-12-11T22:27:28.623+0000] {base.py:73} INFO - Using connection ID 'postgres_localhost' for task execution.
[2023-12-11T22:27:29.293+0000] {sql.py:418} INFO - Running statement: 
            create table if not exists dag_runs (
                dt date,
                dag_id character varying,
                primary key (dt, dag_id)
            )
        , parameters: None
[2023-12-11T22:27:29.753+0000] {taskinstance.py:1400} INFO - Marking task as SUCCESS. dag_id=postgres_dag, task_id=create_postgres_table, execution_date=20231211T083500, start_date=20231211T222725, end_date=20231211T222729
[2023-12-11T22:27:30.571+0000] {local_task_job_runner.py:228} INFO - Task exited with return code 0
[2023-12-11T22:27:31.039+0000] {taskinstance.py:2778} INFO - 0 downstream tasks scheduled from follow-on schedule check
