[2023-12-11T22:51:43.576+0000] {taskinstance.py:1159} INFO - Dependencies all met for dep_context=non-requeueable deps ti=<TaskInstance: postgres_dag_v03.delete_from_postgres_table scheduled__2023-12-08T00:00:00+00:00 [queued]>
[2023-12-11T22:51:43.637+0000] {taskinstance.py:1159} INFO - Dependencies all met for dep_context=requeueable deps ti=<TaskInstance: postgres_dag_v03.delete_from_postgres_table scheduled__2023-12-08T00:00:00+00:00 [queued]>
[2023-12-11T22:51:43.675+0000] {taskinstance.py:1361} INFO - Starting attempt 1 of 4
[2023-12-11T22:51:43.886+0000] {taskinstance.py:1382} INFO - Executing <Task(PostgresOperator): delete_from_postgres_table> on 2023-12-08 00:00:00+00:00
[2023-12-11T22:51:44.034+0000] {standard_task_runner.py:57} INFO - Started process 16545 to run task
[2023-12-11T22:51:44.158+0000] {standard_task_runner.py:84} INFO - Running: ['***', 'tasks', 'run', 'postgres_dag_v03', 'delete_from_postgres_table', 'scheduled__2023-12-08T00:00:00+00:00', '--job-id', '326', '--raw', '--subdir', 'DAGS_FOLDER/postgres_dag.py', '--cfg-path', '/tmp/tmp97sn1cl0']
[2023-12-11T22:51:44.301+0000] {standard_task_runner.py:85} INFO - Job 326: Subtask delete_from_postgres_table
[2023-12-11T22:51:45.618+0000] {task_command.py:416} INFO - Running <TaskInstance: postgres_dag_v03.delete_from_postgres_table scheduled__2023-12-08T00:00:00+00:00 [running]> on host d5f251ea7e03
[2023-12-11T22:51:47.848+0000] {taskinstance.py:1662} INFO - Exporting env vars: AIRFLOW_CTX_DAG_OWNER='sajal' AIRFLOW_CTX_DAG_ID='postgres_dag_v03' AIRFLOW_CTX_TASK_ID='delete_from_postgres_table' AIRFLOW_CTX_EXECUTION_DATE='2023-12-08T00:00:00+00:00' AIRFLOW_CTX_TRY_NUMBER='1' AIRFLOW_CTX_DAG_RUN_ID='scheduled__2023-12-08T00:00:00+00:00'
[2023-12-11T22:51:47.894+0000] {sql.py:274} INFO - Executing: 
            delete from dag_runs where dt = '2023-12-08' and dag_id = 'postgres_dag_v03';
        
[2023-12-11T22:51:47.961+0000] {base.py:73} INFO - Using connection ID 'postgres_localhost' for task execution.
[2023-12-11T22:51:48.037+0000] {base.py:73} INFO - Using connection ID 'postgres_localhost' for task execution.
[2023-12-11T22:51:48.399+0000] {sql.py:418} INFO - Running statement: 
            delete from dag_runs where dt = '2023-12-08' and dag_id = 'postgres_dag_v03';
        , parameters: None
[2023-12-11T22:51:48.524+0000] {sql.py:427} INFO - Rows affected: 0
[2023-12-11T22:51:48.686+0000] {taskinstance.py:1400} INFO - Marking task as SUCCESS. dag_id=postgres_dag_v03, task_id=delete_from_postgres_table, execution_date=20231208T000000, start_date=20231211T225143, end_date=20231211T225148
[2023-12-11T22:51:50.757+0000] {local_task_job_runner.py:228} INFO - Task exited with return code 0
[2023-12-11T22:51:51.472+0000] {taskinstance.py:2778} INFO - 0 downstream tasks scheduled from follow-on schedule check
