[2023-12-12T23:33:48.623+0000] {taskinstance.py:1159} INFO - Dependencies all met for dep_context=non-requeueable deps ti=<TaskInstance: currency_exchange_v03.create_currency_table scheduled__2023-12-11T10:00:00+00:00 [queued]>
[2023-12-12T23:33:48.673+0000] {taskinstance.py:1159} INFO - Dependencies all met for dep_context=requeueable deps ti=<TaskInstance: currency_exchange_v03.create_currency_table scheduled__2023-12-11T10:00:00+00:00 [queued]>
[2023-12-12T23:33:48.681+0000] {taskinstance.py:1361} INFO - Starting attempt 1 of 4
[2023-12-12T23:33:50.040+0000] {taskinstance.py:1382} INFO - Executing <Task(PostgresOperator): create_currency_table> on 2023-12-11 10:00:00+00:00
[2023-12-12T23:33:50.208+0000] {standard_task_runner.py:57} INFO - Started process 32155 to run task
[2023-12-12T23:33:50.377+0000] {standard_task_runner.py:84} INFO - Running: ['***', 'tasks', 'run', 'currency_exchange_v03', 'create_currency_table', 'scheduled__2023-12-11T10:00:00+00:00', '--job-id', '430', '--raw', '--subdir', 'DAGS_FOLDER/currency_exchange_dag.py', '--cfg-path', '/tmp/tmpyj0l5th7']
[2023-12-12T23:33:50.528+0000] {standard_task_runner.py:85} INFO - Job 430: Subtask create_currency_table
[2023-12-12T23:33:52.135+0000] {task_command.py:416} INFO - Running <TaskInstance: currency_exchange_v03.create_currency_table scheduled__2023-12-11T10:00:00+00:00 [running]> on host d5f251ea7e03
[2023-12-12T23:33:53.353+0000] {taskinstance.py:1662} INFO - Exporting env vars: AIRFLOW_CTX_DAG_OWNER='currency' AIRFLOW_CTX_DAG_ID='currency_exchange_v03' AIRFLOW_CTX_TASK_ID='create_currency_table' AIRFLOW_CTX_EXECUTION_DATE='2023-12-11T10:00:00+00:00' AIRFLOW_CTX_TRY_NUMBER='1' AIRFLOW_CTX_DAG_RUN_ID='scheduled__2023-12-11T10:00:00+00:00'
[2023-12-12T23:33:53.688+0000] {sql.py:274} INFO - Executing: 
            CREATE TABLE IF NOT EXISTS usd_exchange_rate (
                dt DATE PRIMARY KEY,
                euro NUMERIC(10,3),
                yen NUMERIC(10,3),
                inr NUMERIC(10,3)
            )
        
[2023-12-12T23:33:53.747+0000] {base.py:73} INFO - Using connection ID 'currency' for task execution.
[2023-12-12T23:33:53.871+0000] {base.py:73} INFO - Using connection ID 'currency' for task execution.
[2023-12-12T23:33:54.191+0000] {sql.py:418} INFO - Running statement: 
            CREATE TABLE IF NOT EXISTS usd_exchange_rate (
                dt DATE PRIMARY KEY,
                euro NUMERIC(10,3),
                yen NUMERIC(10,3),
                inr NUMERIC(10,3)
            )
        , parameters: None
[2023-12-12T23:33:54.355+0000] {taskinstance.py:1400} INFO - Marking task as SUCCESS. dag_id=currency_exchange_v03, task_id=create_currency_table, execution_date=20231211T100000, start_date=20231212T233348, end_date=20231212T233354
[2023-12-12T23:33:55.005+0000] {local_task_job_runner.py:228} INFO - Task exited with return code 0
[2023-12-12T23:33:56.830+0000] {taskinstance.py:2778} INFO - 1 downstream tasks scheduled from follow-on schedule check
