[2023-12-12T23:14:37.896+0000] {taskinstance.py:1159} INFO - Dependencies all met for dep_context=non-requeueable deps ti=<TaskInstance: currency_exchange_v02.load_to_postgres scheduled__2023-12-05T10:00:00+00:00 [queued]>
[2023-12-12T23:14:37.948+0000] {taskinstance.py:1159} INFO - Dependencies all met for dep_context=requeueable deps ti=<TaskInstance: currency_exchange_v02.load_to_postgres scheduled__2023-12-05T10:00:00+00:00 [queued]>
[2023-12-12T23:14:37.950+0000] {taskinstance.py:1361} INFO - Starting attempt 1 of 4
[2023-12-12T23:14:38.115+0000] {taskinstance.py:1382} INFO - Executing <Task(PythonOperator): load_to_postgres> on 2023-12-05 10:00:00+00:00
[2023-12-12T23:14:38.338+0000] {standard_task_runner.py:57} INFO - Started process 22988 to run task
[2023-12-12T23:14:38.467+0000] {standard_task_runner.py:84} INFO - Running: ['***', 'tasks', 'run', 'currency_exchange_v02', 'load_to_postgres', 'scheduled__2023-12-05T10:00:00+00:00', '--job-id', '410', '--raw', '--subdir', 'DAGS_FOLDER/currency_exchange_dag.py', '--cfg-path', '/tmp/tmptrnc9_ut']
[2023-12-12T23:14:38.630+0000] {standard_task_runner.py:85} INFO - Job 410: Subtask load_to_postgres
[2023-12-12T23:14:39.345+0000] {task_command.py:416} INFO - Running <TaskInstance: currency_exchange_v02.load_to_postgres scheduled__2023-12-05T10:00:00+00:00 [running]> on host d5f251ea7e03
[2023-12-12T23:14:39.881+0000] {taskinstance.py:1662} INFO - Exporting env vars: AIRFLOW_CTX_DAG_OWNER='currency' AIRFLOW_CTX_DAG_ID='currency_exchange_v02' AIRFLOW_CTX_TASK_ID='load_to_postgres' AIRFLOW_CTX_EXECUTION_DATE='2023-12-05T10:00:00+00:00' AIRFLOW_CTX_TRY_NUMBER='1' AIRFLOW_CTX_DAG_RUN_ID='scheduled__2023-12-05T10:00:00+00:00'
[2023-12-12T23:14:40.409+0000] {base.py:73} INFO - Using connection ID 'currency' for task execution.
[2023-12-12T23:14:41.330+0000] {sql.py:418} INFO - Running statement: 
        INSERT INTO usd_exchange_rate(dt, euro, yen, inr)
        VALUES (%s, %s, %s, %s);
    , parameters: ('2023-12-12', 0.92873571, 145.69689646, 83.36205681)
[2023-12-12T23:14:41.429+0000] {sql.py:427} INFO - Rows affected: 1
[2023-12-12T23:14:41.475+0000] {logging_mixin.py:154} INFO - Data loaded into PostgreSQL
[2023-12-12T23:14:41.478+0000] {python.py:194} INFO - Done. Returned value was: None
[2023-12-12T23:14:41.913+0000] {taskinstance.py:1400} INFO - Marking task as SUCCESS. dag_id=currency_exchange_v02, task_id=load_to_postgres, execution_date=20231205T100000, start_date=20231212T231437, end_date=20231212T231441
[2023-12-12T23:14:44.798+0000] {local_task_job_runner.py:228} INFO - Task exited with return code 0
[2023-12-12T23:14:57.961+0000] {taskinstance.py:2778} INFO - 0 downstream tasks scheduled from follow-on schedule check
