[2023-12-12T23:34:40.418+0000] {taskinstance.py:1159} INFO - Dependencies all met for dep_context=non-requeueable deps ti=<TaskInstance: currency_exchange_v03.load_to_postgres scheduled__2023-12-03T10:00:00+00:00 [queued]>
[2023-12-12T23:34:40.494+0000] {taskinstance.py:1159} INFO - Dependencies all met for dep_context=requeueable deps ti=<TaskInstance: currency_exchange_v03.load_to_postgres scheduled__2023-12-03T10:00:00+00:00 [queued]>
[2023-12-12T23:34:40.503+0000] {taskinstance.py:1361} INFO - Starting attempt 1 of 4
[2023-12-12T23:34:40.824+0000] {taskinstance.py:1382} INFO - Executing <Task(PythonOperator): load_to_postgres> on 2023-12-03 10:00:00+00:00
[2023-12-12T23:34:41.101+0000] {standard_task_runner.py:57} INFO - Started process 32420 to run task
[2023-12-12T23:34:41.291+0000] {standard_task_runner.py:84} INFO - Running: ['***', 'tasks', 'run', 'currency_exchange_v03', 'load_to_postgres', 'scheduled__2023-12-03T10:00:00+00:00', '--job-id', '444', '--raw', '--subdir', 'DAGS_FOLDER/currency_exchange_dag.py', '--cfg-path', '/tmp/tmpvhztw3cm']
[2023-12-12T23:34:41.360+0000] {standard_task_runner.py:85} INFO - Job 444: Subtask load_to_postgres
[2023-12-12T23:34:43.042+0000] {task_command.py:416} INFO - Running <TaskInstance: currency_exchange_v03.load_to_postgres scheduled__2023-12-03T10:00:00+00:00 [running]> on host d5f251ea7e03
[2023-12-12T23:34:44.672+0000] {taskinstance.py:1662} INFO - Exporting env vars: AIRFLOW_CTX_DAG_OWNER='currency' AIRFLOW_CTX_DAG_ID='currency_exchange_v03' AIRFLOW_CTX_TASK_ID='load_to_postgres' AIRFLOW_CTX_EXECUTION_DATE='2023-12-03T10:00:00+00:00' AIRFLOW_CTX_TRY_NUMBER='1' AIRFLOW_CTX_DAG_RUN_ID='scheduled__2023-12-03T10:00:00+00:00'
[2023-12-12T23:34:45.205+0000] {base.py:73} INFO - Using connection ID 'currency' for task execution.
[2023-12-12T23:34:45.394+0000] {sql.py:418} INFO - Running statement: 
        INSERT INTO usd_exchange_rate(dt, euro, yen, inr)
        VALUES (%s, %s, %s, %s);
    , parameters: ('2023-12-03', 0.91902137, 146.79592728, 83.26431812)
[2023-12-12T23:34:45.424+0000] {sql.py:427} INFO - Rows affected: 1
[2023-12-12T23:34:45.454+0000] {logging_mixin.py:154} INFO - Data loaded into PostgreSQL
[2023-12-12T23:34:45.460+0000] {python.py:194} INFO - Done. Returned value was: None
[2023-12-12T23:34:45.514+0000] {taskinstance.py:1400} INFO - Marking task as SUCCESS. dag_id=currency_exchange_v03, task_id=load_to_postgres, execution_date=20231203T100000, start_date=20231212T233440, end_date=20231212T233445
[2023-12-12T23:34:46.209+0000] {local_task_job_runner.py:228} INFO - Task exited with return code 0
[2023-12-12T23:34:46.481+0000] {taskinstance.py:2778} INFO - 0 downstream tasks scheduled from follow-on schedule check
