[2023-12-11T22:44:57.567+0000] {taskinstance.py:1159} INFO - Dependencies all met for dep_context=non-requeueable deps ti=<TaskInstance: postgres_dag_v02.insert_into_postgres_table scheduled__2023-12-04T00:00:00+00:00 [queued]>
[2023-12-11T22:44:58.125+0000] {taskinstance.py:1159} INFO - Dependencies all met for dep_context=requeueable deps ti=<TaskInstance: postgres_dag_v02.insert_into_postgres_table scheduled__2023-12-04T00:00:00+00:00 [queued]>
[2023-12-11T22:44:58.132+0000] {taskinstance.py:1361} INFO - Starting attempt 1 of 4
[2023-12-11T22:44:58.471+0000] {taskinstance.py:1382} INFO - Executing <Task(PostgresOperator): insert_into_postgres_table> on 2023-12-04 00:00:00+00:00
[2023-12-11T22:45:00.476+0000] {standard_task_runner.py:57} INFO - Started process 13318 to run task
[2023-12-11T22:45:00.941+0000] {standard_task_runner.py:84} INFO - Running: ['***', 'tasks', 'run', 'postgres_dag_v02', 'insert_into_postgres_table', 'scheduled__2023-12-04T00:00:00+00:00', '--job-id', '312', '--raw', '--subdir', 'DAGS_FOLDER/postgres_dag.py', '--cfg-path', '/tmp/tmpa8ezhg_s']
[2023-12-11T22:45:01.850+0000] {standard_task_runner.py:85} INFO - Job 312: Subtask insert_into_postgres_table
[2023-12-11T22:45:04.497+0000] {task_command.py:416} INFO - Running <TaskInstance: postgres_dag_v02.insert_into_postgres_table scheduled__2023-12-04T00:00:00+00:00 [running]> on host d5f251ea7e03
[2023-12-11T22:45:05.947+0000] {taskinstance.py:1662} INFO - Exporting env vars: AIRFLOW_CTX_DAG_OWNER='sajal' AIRFLOW_CTX_DAG_ID='postgres_dag_v02' AIRFLOW_CTX_TASK_ID='insert_into_postgres_table' AIRFLOW_CTX_EXECUTION_DATE='2023-12-04T00:00:00+00:00' AIRFLOW_CTX_TRY_NUMBER='1' AIRFLOW_CTX_DAG_RUN_ID='scheduled__2023-12-04T00:00:00+00:00'
[2023-12-11T22:45:06.098+0000] {sql.py:274} INFO - Executing: 
        insert into dag_runs(dt, dag_id) values ( '2023-12-04', 'postgres_dag_v02')
    
[2023-12-11T22:45:06.240+0000] {base.py:73} INFO - Using connection ID 'postgres_localhost' for task execution.
[2023-12-11T22:45:06.455+0000] {base.py:73} INFO - Using connection ID 'postgres_localhost' for task execution.
[2023-12-11T22:45:06.629+0000] {sql.py:418} INFO - Running statement: 
        insert into dag_runs(dt, dag_id) values ( '2023-12-04', 'postgres_dag_v02')
    , parameters: None
[2023-12-11T22:45:06.661+0000] {sql.py:427} INFO - Rows affected: 1
[2023-12-11T22:45:06.858+0000] {taskinstance.py:1400} INFO - Marking task as SUCCESS. dag_id=postgres_dag_v02, task_id=insert_into_postgres_table, execution_date=20231204T000000, start_date=20231211T224457, end_date=20231211T224506
[2023-12-11T22:45:10.050+0000] {local_task_job_runner.py:228} INFO - Task exited with return code 0
[2023-12-11T22:45:12.818+0000] {taskinstance.py:2778} INFO - 0 downstream tasks scheduled from follow-on schedule check
