[2023-12-11T22:54:13.379+0000] {taskinstance.py:1159} INFO - Dependencies all met for dep_context=non-requeueable deps ti=<TaskInstance: postgres_dag_v03.insert_into_postgres_table scheduled__2023-12-02T00:00:00+00:00 [queued]>
[2023-12-11T22:54:13.406+0000] {taskinstance.py:1159} INFO - Dependencies all met for dep_context=requeueable deps ti=<TaskInstance: postgres_dag_v03.insert_into_postgres_table scheduled__2023-12-02T00:00:00+00:00 [queued]>
[2023-12-11T22:54:13.417+0000] {taskinstance.py:1361} INFO - Starting attempt 2 of 5
[2023-12-11T22:54:13.444+0000] {taskinstance.py:1382} INFO - Executing <Task(PostgresOperator): insert_into_postgres_table> on 2023-12-02 00:00:00+00:00
[2023-12-11T22:54:13.466+0000] {standard_task_runner.py:57} INFO - Started process 17654 to run task
[2023-12-11T22:54:13.482+0000] {standard_task_runner.py:84} INFO - Running: ['***', 'tasks', 'run', 'postgres_dag_v03', 'insert_into_postgres_table', 'scheduled__2023-12-02T00:00:00+00:00', '--job-id', '347', '--raw', '--subdir', 'DAGS_FOLDER/postgres_dag.py', '--cfg-path', '/tmp/tmpijg4hxe0']
[2023-12-11T22:54:13.494+0000] {standard_task_runner.py:85} INFO - Job 347: Subtask insert_into_postgres_table
[2023-12-11T22:54:13.652+0000] {task_command.py:416} INFO - Running <TaskInstance: postgres_dag_v03.insert_into_postgres_table scheduled__2023-12-02T00:00:00+00:00 [running]> on host d5f251ea7e03
[2023-12-11T22:54:13.786+0000] {taskinstance.py:1662} INFO - Exporting env vars: AIRFLOW_CTX_DAG_OWNER='sajal' AIRFLOW_CTX_DAG_ID='postgres_dag_v03' AIRFLOW_CTX_TASK_ID='insert_into_postgres_table' AIRFLOW_CTX_EXECUTION_DATE='2023-12-02T00:00:00+00:00' AIRFLOW_CTX_TRY_NUMBER='2' AIRFLOW_CTX_DAG_RUN_ID='scheduled__2023-12-02T00:00:00+00:00'
[2023-12-11T22:54:13.790+0000] {sql.py:274} INFO - Executing: 
            insert into dag_runs(dt, dag_id) values ( '2023-12-02', 'postgres_dag_v03');
        
[2023-12-11T22:54:13.806+0000] {base.py:73} INFO - Using connection ID 'postgres_localhost' for task execution.
[2023-12-11T22:54:13.865+0000] {base.py:73} INFO - Using connection ID 'postgres_localhost' for task execution.
[2023-12-11T22:54:13.926+0000] {sql.py:418} INFO - Running statement: 
            insert into dag_runs(dt, dag_id) values ( '2023-12-02', 'postgres_dag_v03');
        , parameters: None
[2023-12-11T22:54:14.001+0000] {sql.py:427} INFO - Rows affected: 1
[2023-12-11T22:54:14.089+0000] {taskinstance.py:1400} INFO - Marking task as SUCCESS. dag_id=postgres_dag_v03, task_id=insert_into_postgres_table, execution_date=20231202T000000, start_date=20231211T225413, end_date=20231211T225414
[2023-12-11T22:54:14.124+0000] {local_task_job_runner.py:228} INFO - Task exited with return code 0
[2023-12-11T22:54:14.143+0000] {taskinstance.py:2778} INFO - 0 downstream tasks scheduled from follow-on schedule check
