[2023-12-11T22:25:00.247+0000] {taskinstance.py:1159} INFO - Dependencies all met for dep_context=non-requeueable deps ti=<TaskInstance: postgres_dag.create_postgres_table scheduled__2023-12-11T01:55:00+00:00 [queued]>
[2023-12-11T22:25:00.335+0000] {taskinstance.py:1159} INFO - Dependencies all met for dep_context=requeueable deps ti=<TaskInstance: postgres_dag.create_postgres_table scheduled__2023-12-11T01:55:00+00:00 [queued]>
[2023-12-11T22:25:00.344+0000] {taskinstance.py:1361} INFO - Starting attempt 1 of 4
[2023-12-11T22:25:00.626+0000] {taskinstance.py:1382} INFO - Executing <Task(PostgresOperator): create_postgres_table> on 2023-12-11 01:55:00+00:00
[2023-12-11T22:25:01.325+0000] {standard_task_runner.py:57} INFO - Started process 5074 to run task
[2023-12-11T22:25:01.563+0000] {standard_task_runner.py:84} INFO - Running: ['***', 'tasks', 'run', 'postgres_dag', 'create_postgres_table', 'scheduled__2023-12-11T01:55:00+00:00', '--job-id', '138', '--raw', '--subdir', 'DAGS_FOLDER/postgres_dag.py', '--cfg-path', '/tmp/tmpimwt6eg5']
[2023-12-11T22:25:01.758+0000] {standard_task_runner.py:85} INFO - Job 138: Subtask create_postgres_table
[2023-12-11T22:25:06.228+0000] {task_command.py:416} INFO - Running <TaskInstance: postgres_dag.create_postgres_table scheduled__2023-12-11T01:55:00+00:00 [running]> on host d5f251ea7e03
[2023-12-11T22:25:08.486+0000] {taskinstance.py:1662} INFO - Exporting env vars: AIRFLOW_CTX_DAG_OWNER='sajal' AIRFLOW_CTX_DAG_ID='postgres_dag' AIRFLOW_CTX_TASK_ID='create_postgres_table' AIRFLOW_CTX_EXECUTION_DATE='2023-12-11T01:55:00+00:00' AIRFLOW_CTX_TRY_NUMBER='1' AIRFLOW_CTX_DAG_RUN_ID='scheduled__2023-12-11T01:55:00+00:00'
[2023-12-11T22:25:08.685+0000] {sql.py:274} INFO - Executing: 
            create table if not exists dag_runs (
                dt date,
                dag_id character varying,
                primary key (dt, dag_id)
            )
        
[2023-12-11T22:25:08.812+0000] {base.py:73} INFO - Using connection ID 'postgres_localhost' for task execution.
[2023-12-11T22:25:09.377+0000] {base.py:73} INFO - Using connection ID 'postgres_localhost' for task execution.
[2023-12-11T22:25:09.606+0000] {sql.py:418} INFO - Running statement: 
            create table if not exists dag_runs (
                dt date,
                dag_id character varying,
                primary key (dt, dag_id)
            )
        , parameters: None
[2023-12-11T22:25:10.013+0000] {taskinstance.py:1400} INFO - Marking task as SUCCESS. dag_id=postgres_dag, task_id=create_postgres_table, execution_date=20231211T015500, start_date=20231211T222500, end_date=20231211T222510
[2023-12-11T22:25:11.937+0000] {local_task_job_runner.py:228} INFO - Task exited with return code 0
[2023-12-11T22:25:13.126+0000] {taskinstance.py:2778} INFO - 0 downstream tasks scheduled from follow-on schedule check
