[2023-12-11T22:44:42.882+0000] {taskinstance.py:1159} INFO - Dependencies all met for dep_context=non-requeueable deps ti=<TaskInstance: postgres_dag_v02.insert_into_postgres_table scheduled__2023-12-10T00:00:00+00:00 [queued]>
[2023-12-11T22:44:43.030+0000] {taskinstance.py:1159} INFO - Dependencies all met for dep_context=requeueable deps ti=<TaskInstance: postgres_dag_v02.insert_into_postgres_table scheduled__2023-12-10T00:00:00+00:00 [queued]>
[2023-12-11T22:44:43.048+0000] {taskinstance.py:1361} INFO - Starting attempt 1 of 4
[2023-12-11T22:44:43.938+0000] {taskinstance.py:1382} INFO - Executing <Task(PostgresOperator): insert_into_postgres_table> on 2023-12-10 00:00:00+00:00
[2023-12-11T22:44:44.325+0000] {standard_task_runner.py:57} INFO - Started process 13310 to run task
[2023-12-11T22:44:44.434+0000] {standard_task_runner.py:84} INFO - Running: ['***', 'tasks', 'run', 'postgres_dag_v02', 'insert_into_postgres_table', 'scheduled__2023-12-10T00:00:00+00:00', '--job-id', '309', '--raw', '--subdir', 'DAGS_FOLDER/postgres_dag.py', '--cfg-path', '/tmp/tmpv5deqxm4']
[2023-12-11T22:44:45.029+0000] {standard_task_runner.py:85} INFO - Job 309: Subtask insert_into_postgres_table
[2023-12-11T22:44:57.912+0000] {task_command.py:416} INFO - Running <TaskInstance: postgres_dag_v02.insert_into_postgres_table scheduled__2023-12-10T00:00:00+00:00 [running]> on host d5f251ea7e03
[2023-12-11T22:45:01.332+0000] {taskinstance.py:1662} INFO - Exporting env vars: AIRFLOW_CTX_DAG_OWNER='sajal' AIRFLOW_CTX_DAG_ID='postgres_dag_v02' AIRFLOW_CTX_TASK_ID='insert_into_postgres_table' AIRFLOW_CTX_EXECUTION_DATE='2023-12-10T00:00:00+00:00' AIRFLOW_CTX_TRY_NUMBER='1' AIRFLOW_CTX_DAG_RUN_ID='scheduled__2023-12-10T00:00:00+00:00'
[2023-12-11T22:45:02.002+0000] {sql.py:274} INFO - Executing: 
        insert into dag_runs(dt, dag_id) values ( '2023-12-10', 'postgres_dag_v02')
    
[2023-12-11T22:45:02.413+0000] {base.py:73} INFO - Using connection ID 'postgres_localhost' for task execution.
[2023-12-11T22:45:03.224+0000] {base.py:73} INFO - Using connection ID 'postgres_localhost' for task execution.
[2023-12-11T22:45:03.424+0000] {sql.py:418} INFO - Running statement: 
        insert into dag_runs(dt, dag_id) values ( '2023-12-10', 'postgres_dag_v02')
    , parameters: None
[2023-12-11T22:45:03.476+0000] {sql.py:427} INFO - Rows affected: 1
[2023-12-11T22:45:03.782+0000] {taskinstance.py:1400} INFO - Marking task as SUCCESS. dag_id=postgres_dag_v02, task_id=insert_into_postgres_table, execution_date=20231210T000000, start_date=20231211T224442, end_date=20231211T224503
[2023-12-11T22:45:04.856+0000] {local_task_job_runner.py:228} INFO - Task exited with return code 0
[2023-12-11T22:45:07.937+0000] {taskinstance.py:2778} INFO - 0 downstream tasks scheduled from follow-on schedule check
