[2023-12-12T23:09:02.956+0000] {taskinstance.py:1159} INFO - Dependencies all met for dep_context=non-requeueable deps ti=<TaskInstance: currency_exchange.create_currency_table scheduled__2023-12-11T10:00:00+00:00 [queued]>
[2023-12-12T23:09:03.176+0000] {taskinstance.py:1159} INFO - Dependencies all met for dep_context=requeueable deps ti=<TaskInstance: currency_exchange.create_currency_table scheduled__2023-12-11T10:00:00+00:00 [queued]>
[2023-12-12T23:09:03.182+0000] {taskinstance.py:1361} INFO - Starting attempt 1 of 4
[2023-12-12T23:09:04.748+0000] {taskinstance.py:1382} INFO - Executing <Task(PostgresOperator): create_currency_table> on 2023-12-11 10:00:00+00:00
[2023-12-12T23:09:06.841+0000] {standard_task_runner.py:57} INFO - Started process 21519 to run task
[2023-12-12T23:09:07.411+0000] {standard_task_runner.py:84} INFO - Running: ['***', 'tasks', 'run', 'currency_exchange', 'create_currency_table', 'scheduled__2023-12-11T10:00:00+00:00', '--job-id', '372', '--raw', '--subdir', 'DAGS_FOLDER/currency_exchange_dag.py', '--cfg-path', '/tmp/tmp90pedacd']
[2023-12-12T23:09:07.656+0000] {standard_task_runner.py:85} INFO - Job 372: Subtask create_currency_table
[2023-12-12T23:09:11.456+0000] {task_command.py:416} INFO - Running <TaskInstance: currency_exchange.create_currency_table scheduled__2023-12-11T10:00:00+00:00 [running]> on host d5f251ea7e03
[2023-12-12T23:09:28.090+0000] {taskinstance.py:1662} INFO - Exporting env vars: AIRFLOW_CTX_DAG_OWNER='currency' AIRFLOW_CTX_DAG_ID='currency_exchange' AIRFLOW_CTX_TASK_ID='create_currency_table' AIRFLOW_CTX_EXECUTION_DATE='2023-12-11T10:00:00+00:00' AIRFLOW_CTX_TRY_NUMBER='1' AIRFLOW_CTX_DAG_RUN_ID='scheduled__2023-12-11T10:00:00+00:00'
[2023-12-12T23:09:28.393+0000] {sql.py:274} INFO - Executing: 
            CREATE TABLE IF NOT EXISTS usd_exchange_rate (
                dt DATE PRIMARY KEY,
                euro INT,
                yen INT,
                inr INT
            )
        
[2023-12-12T23:09:29.688+0000] {base.py:73} INFO - Using connection ID 'currency' for task execution.
[2023-12-12T23:09:31.217+0000] {base.py:73} INFO - Using connection ID 'currency' for task execution.
[2023-12-12T23:09:33.034+0000] {sql.py:418} INFO - Running statement: 
            CREATE TABLE IF NOT EXISTS usd_exchange_rate (
                dt DATE PRIMARY KEY,
                euro INT,
                yen INT,
                inr INT
            )
        , parameters: None
[2023-12-12T23:09:34.533+0000] {taskinstance.py:1400} INFO - Marking task as SUCCESS. dag_id=currency_exchange, task_id=create_currency_table, execution_date=20231211T100000, start_date=20231212T230903, end_date=20231212T230934
[2023-12-12T23:09:41.416+0000] {local_task_job_runner.py:228} INFO - Task exited with return code 0
[2023-12-12T23:09:45.450+0000] {taskinstance.py:2778} INFO - 0 downstream tasks scheduled from follow-on schedule check
