[2023-12-11T22:34:20.797+0000] {taskinstance.py:1159} INFO - Dependencies all met for dep_context=non-requeueable deps ti=<TaskInstance: postgres_dag.insert_into_postgres_table scheduled__2023-12-11T10:00:00+00:00 [queued]>
[2023-12-11T22:34:20.848+0000] {taskinstance.py:1159} INFO - Dependencies all met for dep_context=requeueable deps ti=<TaskInstance: postgres_dag.insert_into_postgres_table scheduled__2023-12-11T10:00:00+00:00 [queued]>
[2023-12-11T22:34:20.852+0000] {taskinstance.py:1361} INFO - Starting attempt 1 of 4
[2023-12-11T22:34:20.943+0000] {taskinstance.py:1382} INFO - Executing <Task(PostgresOperator): insert_into_postgres_table> on 2023-12-11 10:00:00+00:00
[2023-12-11T22:34:21.082+0000] {standard_task_runner.py:57} INFO - Started process 9630 to run task
[2023-12-11T22:34:21.180+0000] {standard_task_runner.py:84} INFO - Running: ['***', 'tasks', 'run', 'postgres_dag', 'insert_into_postgres_table', 'scheduled__2023-12-11T10:00:00+00:00', '--job-id', '236', '--raw', '--subdir', 'DAGS_FOLDER/postgres_dag.py', '--cfg-path', '/tmp/tmpcfwsdz48']
[2023-12-11T22:34:21.242+0000] {standard_task_runner.py:85} INFO - Job 236: Subtask insert_into_postgres_table
[2023-12-11T22:34:21.706+0000] {task_command.py:416} INFO - Running <TaskInstance: postgres_dag.insert_into_postgres_table scheduled__2023-12-11T10:00:00+00:00 [running]> on host d5f251ea7e03
[2023-12-11T22:34:22.136+0000] {taskinstance.py:1662} INFO - Exporting env vars: AIRFLOW_CTX_DAG_OWNER='sajal' AIRFLOW_CTX_DAG_ID='postgres_dag' AIRFLOW_CTX_TASK_ID='insert_into_postgres_table' AIRFLOW_CTX_EXECUTION_DATE='2023-12-11T10:00:00+00:00' AIRFLOW_CTX_TRY_NUMBER='1' AIRFLOW_CTX_DAG_RUN_ID='scheduled__2023-12-11T10:00:00+00:00'
[2023-12-11T22:34:22.145+0000] {sql.py:274} INFO - Executing: 
        insert into dag_runs(dt, dag_id) values ( '2023-12-11', 'postgres_dag')
    
[2023-12-11T22:34:22.181+0000] {base.py:73} INFO - Using connection ID 'postgres_localhost' for task execution.
[2023-12-11T22:34:22.876+0000] {base.py:73} INFO - Using connection ID 'postgres_localhost' for task execution.
[2023-12-11T22:34:22.996+0000] {sql.py:418} INFO - Running statement: 
        insert into dag_runs(dt, dag_id) values ( '2023-12-11', 'postgres_dag')
    , parameters: None
[2023-12-11T22:34:23.027+0000] {sql.py:427} INFO - Rows affected: 1
[2023-12-11T22:34:23.145+0000] {taskinstance.py:1400} INFO - Marking task as SUCCESS. dag_id=postgres_dag, task_id=insert_into_postgres_table, execution_date=20231211T100000, start_date=20231211T223420, end_date=20231211T223423
[2023-12-11T22:34:23.662+0000] {local_task_job_runner.py:228} INFO - Task exited with return code 0
[2023-12-11T22:34:24.428+0000] {taskinstance.py:2778} INFO - 0 downstream tasks scheduled from follow-on schedule check
