[2023-12-11T22:45:19.770+0000] {taskinstance.py:1159} INFO - Dependencies all met for dep_context=non-requeueable deps ti=<TaskInstance: postgres_dag_v02.insert_into_postgres_table scheduled__2023-12-05T00:00:00+00:00 [queued]>
[2023-12-11T22:45:19.801+0000] {taskinstance.py:1159} INFO - Dependencies all met for dep_context=requeueable deps ti=<TaskInstance: postgres_dag_v02.insert_into_postgres_table scheduled__2023-12-05T00:00:00+00:00 [queued]>
[2023-12-11T22:45:19.803+0000] {taskinstance.py:1361} INFO - Starting attempt 1 of 4
[2023-12-11T22:45:19.849+0000] {taskinstance.py:1382} INFO - Executing <Task(PostgresOperator): insert_into_postgres_table> on 2023-12-05 00:00:00+00:00
[2023-12-11T22:45:19.880+0000] {standard_task_runner.py:57} INFO - Started process 13379 to run task
[2023-12-11T22:45:19.902+0000] {standard_task_runner.py:84} INFO - Running: ['***', 'tasks', 'run', 'postgres_dag_v02', 'insert_into_postgres_table', 'scheduled__2023-12-05T00:00:00+00:00', '--job-id', '314', '--raw', '--subdir', 'DAGS_FOLDER/postgres_dag.py', '--cfg-path', '/tmp/tmpz1o1vs4u']
[2023-12-11T22:45:19.911+0000] {standard_task_runner.py:85} INFO - Job 314: Subtask insert_into_postgres_table
[2023-12-11T22:45:20.101+0000] {task_command.py:416} INFO - Running <TaskInstance: postgres_dag_v02.insert_into_postgres_table scheduled__2023-12-05T00:00:00+00:00 [running]> on host d5f251ea7e03
[2023-12-11T22:45:20.430+0000] {taskinstance.py:1662} INFO - Exporting env vars: AIRFLOW_CTX_DAG_OWNER='sajal' AIRFLOW_CTX_DAG_ID='postgres_dag_v02' AIRFLOW_CTX_TASK_ID='insert_into_postgres_table' AIRFLOW_CTX_EXECUTION_DATE='2023-12-05T00:00:00+00:00' AIRFLOW_CTX_TRY_NUMBER='1' AIRFLOW_CTX_DAG_RUN_ID='scheduled__2023-12-05T00:00:00+00:00'
[2023-12-11T22:45:20.443+0000] {sql.py:274} INFO - Executing: 
        insert into dag_runs(dt, dag_id) values ( '2023-12-05', 'postgres_dag_v02')
    
[2023-12-11T22:45:20.485+0000] {base.py:73} INFO - Using connection ID 'postgres_localhost' for task execution.
[2023-12-11T22:45:20.536+0000] {base.py:73} INFO - Using connection ID 'postgres_localhost' for task execution.
[2023-12-11T22:45:20.717+0000] {sql.py:418} INFO - Running statement: 
        insert into dag_runs(dt, dag_id) values ( '2023-12-05', 'postgres_dag_v02')
    , parameters: None
[2023-12-11T22:45:20.731+0000] {sql.py:427} INFO - Rows affected: 1
[2023-12-11T22:45:20.801+0000] {taskinstance.py:1400} INFO - Marking task as SUCCESS. dag_id=postgres_dag_v02, task_id=insert_into_postgres_table, execution_date=20231205T000000, start_date=20231211T224519, end_date=20231211T224520
[2023-12-11T22:45:20.932+0000] {local_task_job_runner.py:228} INFO - Task exited with return code 0
[2023-12-11T22:45:22.746+0000] {taskinstance.py:2778} INFO - 0 downstream tasks scheduled from follow-on schedule check
