[2023-12-11T22:34:20.679+0000] {taskinstance.py:1159} INFO - Dependencies all met for dep_context=non-requeueable deps ti=<TaskInstance: postgres_dag.create_postgres_table scheduled__2023-12-11T11:00:00+00:00 [queued]>
[2023-12-11T22:34:20.743+0000] {taskinstance.py:1159} INFO - Dependencies all met for dep_context=requeueable deps ti=<TaskInstance: postgres_dag.create_postgres_table scheduled__2023-12-11T11:00:00+00:00 [queued]>
[2023-12-11T22:34:20.745+0000] {taskinstance.py:1361} INFO - Starting attempt 1 of 4
[2023-12-11T22:34:20.862+0000] {taskinstance.py:1382} INFO - Executing <Task(PostgresOperator): create_postgres_table> on 2023-12-11 11:00:00+00:00
[2023-12-11T22:34:21.056+0000] {standard_task_runner.py:57} INFO - Started process 9629 to run task
[2023-12-11T22:34:21.163+0000] {standard_task_runner.py:84} INFO - Running: ['***', 'tasks', 'run', 'postgres_dag', 'create_postgres_table', 'scheduled__2023-12-11T11:00:00+00:00', '--job-id', '235', '--raw', '--subdir', 'DAGS_FOLDER/postgres_dag.py', '--cfg-path', '/tmp/tmpxxhmurpz']
[2023-12-11T22:34:21.233+0000] {standard_task_runner.py:85} INFO - Job 235: Subtask create_postgres_table
[2023-12-11T22:34:21.686+0000] {task_command.py:416} INFO - Running <TaskInstance: postgres_dag.create_postgres_table scheduled__2023-12-11T11:00:00+00:00 [running]> on host d5f251ea7e03
[2023-12-11T22:34:22.210+0000] {taskinstance.py:1662} INFO - Exporting env vars: AIRFLOW_CTX_DAG_OWNER='sajal' AIRFLOW_CTX_DAG_ID='postgres_dag' AIRFLOW_CTX_TASK_ID='create_postgres_table' AIRFLOW_CTX_EXECUTION_DATE='2023-12-11T11:00:00+00:00' AIRFLOW_CTX_TRY_NUMBER='1' AIRFLOW_CTX_DAG_RUN_ID='scheduled__2023-12-11T11:00:00+00:00'
[2023-12-11T22:34:22.220+0000] {sql.py:274} INFO - Executing: 
            create table if not exists dag_runs (
                dt date,
                dag_id character varying,
                primary key (dt, dag_id)
            )
        
[2023-12-11T22:34:22.346+0000] {base.py:73} INFO - Using connection ID 'postgres_localhost' for task execution.
[2023-12-11T22:34:23.151+0000] {base.py:73} INFO - Using connection ID 'postgres_localhost' for task execution.
[2023-12-11T22:34:23.184+0000] {sql.py:418} INFO - Running statement: 
            create table if not exists dag_runs (
                dt date,
                dag_id character varying,
                primary key (dt, dag_id)
            )
        , parameters: None
[2023-12-11T22:34:23.266+0000] {taskinstance.py:1400} INFO - Marking task as SUCCESS. dag_id=postgres_dag, task_id=create_postgres_table, execution_date=20231211T110000, start_date=20231211T223420, end_date=20231211T223423
[2023-12-11T22:34:23.833+0000] {local_task_job_runner.py:228} INFO - Task exited with return code 0
[2023-12-11T22:34:25.695+0000] {taskinstance.py:2778} INFO - 0 downstream tasks scheduled from follow-on schedule check
