[2023-12-12T23:12:24.891+0000] {taskinstance.py:1159} INFO - Dependencies all met for dep_context=non-requeueable deps ti=<TaskInstance: currency_exchange_v02.create_currency_table scheduled__2023-12-02T10:00:00+00:00 [queued]>
[2023-12-12T23:12:25.065+0000] {taskinstance.py:1159} INFO - Dependencies all met for dep_context=requeueable deps ti=<TaskInstance: currency_exchange_v02.create_currency_table scheduled__2023-12-02T10:00:00+00:00 [queued]>
[2023-12-12T23:12:25.082+0000] {taskinstance.py:1361} INFO - Starting attempt 1 of 4
[2023-12-12T23:12:25.494+0000] {taskinstance.py:1382} INFO - Executing <Task(PostgresOperator): create_currency_table> on 2023-12-02 10:00:00+00:00
[2023-12-12T23:12:26.015+0000] {standard_task_runner.py:57} INFO - Started process 22655 to run task
[2023-12-12T23:12:27.622+0000] {standard_task_runner.py:84} INFO - Running: ['***', 'tasks', 'run', 'currency_exchange_v02', 'create_currency_table', 'scheduled__2023-12-02T10:00:00+00:00', '--job-id', '394', '--raw', '--subdir', 'DAGS_FOLDER/currency_exchange_dag.py', '--cfg-path', '/tmp/tmpf21m4_hw']
[2023-12-12T23:12:28.087+0000] {standard_task_runner.py:85} INFO - Job 394: Subtask create_currency_table
[2023-12-12T23:12:34.271+0000] {task_command.py:416} INFO - Running <TaskInstance: currency_exchange_v02.create_currency_table scheduled__2023-12-02T10:00:00+00:00 [running]> on host d5f251ea7e03
[2023-12-12T23:12:37.288+0000] {taskinstance.py:1662} INFO - Exporting env vars: AIRFLOW_CTX_DAG_OWNER='currency' AIRFLOW_CTX_DAG_ID='currency_exchange_v02' AIRFLOW_CTX_TASK_ID='create_currency_table' AIRFLOW_CTX_EXECUTION_DATE='2023-12-02T10:00:00+00:00' AIRFLOW_CTX_TRY_NUMBER='1' AIRFLOW_CTX_DAG_RUN_ID='scheduled__2023-12-02T10:00:00+00:00'
[2023-12-12T23:12:38.614+0000] {sql.py:274} INFO - Executing: 
            CREATE TABLE IF NOT EXISTS usd_exchange_rate (
                dt DATE PRIMARY KEY,
                euro INT,
                yen INT,
                inr INT
            )
        
[2023-12-12T23:12:39.466+0000] {base.py:73} INFO - Using connection ID 'currency' for task execution.
[2023-12-12T23:12:39.903+0000] {base.py:73} INFO - Using connection ID 'currency' for task execution.
[2023-12-12T23:12:40.138+0000] {sql.py:418} INFO - Running statement: 
            CREATE TABLE IF NOT EXISTS usd_exchange_rate (
                dt DATE PRIMARY KEY,
                euro INT,
                yen INT,
                inr INT
            )
        , parameters: None
[2023-12-12T23:12:40.816+0000] {taskinstance.py:1400} INFO - Marking task as SUCCESS. dag_id=currency_exchange_v02, task_id=create_currency_table, execution_date=20231202T100000, start_date=20231212T231224, end_date=20231212T231240
[2023-12-12T23:12:49.096+0000] {local_task_job_runner.py:228} INFO - Task exited with return code 0
[2023-12-12T23:12:55.332+0000] {taskinstance.py:2778} INFO - 0 downstream tasks scheduled from follow-on schedule check
