[2023-12-11T22:36:04.678+0000] {taskinstance.py:1159} INFO - Dependencies all met for dep_context=non-requeueable deps ti=<TaskInstance: postgres_dag_v02.create_postgres_table scheduled__2023-12-01T00:00:00+00:00 [queued]>
[2023-12-11T22:36:04.825+0000] {taskinstance.py:1159} INFO - Dependencies all met for dep_context=requeueable deps ti=<TaskInstance: postgres_dag_v02.create_postgres_table scheduled__2023-12-01T00:00:00+00:00 [queued]>
[2023-12-11T22:36:04.843+0000] {taskinstance.py:1361} INFO - Starting attempt 1 of 4
[2023-12-11T22:36:05.175+0000] {taskinstance.py:1382} INFO - Executing <Task(PostgresOperator): create_postgres_table> on 2023-12-01 00:00:00+00:00
[2023-12-11T22:36:05.363+0000] {standard_task_runner.py:57} INFO - Started process 10395 to run task
[2023-12-11T22:36:05.413+0000] {standard_task_runner.py:84} INFO - Running: ['***', 'tasks', 'run', 'postgres_dag_v02', 'create_postgres_table', 'scheduled__2023-12-01T00:00:00+00:00', '--job-id', '269', '--raw', '--subdir', 'DAGS_FOLDER/postgres_dag.py', '--cfg-path', '/tmp/tmptwjsshnw']
[2023-12-11T22:36:05.463+0000] {standard_task_runner.py:85} INFO - Job 269: Subtask create_postgres_table
[2023-12-11T22:36:07.647+0000] {task_command.py:416} INFO - Running <TaskInstance: postgres_dag_v02.create_postgres_table scheduled__2023-12-01T00:00:00+00:00 [running]> on host d5f251ea7e03
[2023-12-11T22:36:08.316+0000] {taskinstance.py:1662} INFO - Exporting env vars: AIRFLOW_CTX_DAG_OWNER='sajal' AIRFLOW_CTX_DAG_ID='postgres_dag_v02' AIRFLOW_CTX_TASK_ID='create_postgres_table' AIRFLOW_CTX_EXECUTION_DATE='2023-12-01T00:00:00+00:00' AIRFLOW_CTX_TRY_NUMBER='1' AIRFLOW_CTX_DAG_RUN_ID='scheduled__2023-12-01T00:00:00+00:00'
[2023-12-11T22:36:08.401+0000] {sql.py:274} INFO - Executing: 
            create table if not exists dag_runs (
                dt date,
                dag_id character varying,
                primary key (dt, dag_id)
            )
        
[2023-12-11T22:36:08.527+0000] {base.py:73} INFO - Using connection ID 'postgres_localhost' for task execution.
[2023-12-11T22:36:08.914+0000] {base.py:73} INFO - Using connection ID 'postgres_localhost' for task execution.
[2023-12-11T22:36:09.231+0000] {sql.py:418} INFO - Running statement: 
            create table if not exists dag_runs (
                dt date,
                dag_id character varying,
                primary key (dt, dag_id)
            )
        , parameters: None
[2023-12-11T22:36:09.561+0000] {taskinstance.py:1400} INFO - Marking task as SUCCESS. dag_id=postgres_dag_v02, task_id=create_postgres_table, execution_date=20231201T000000, start_date=20231211T223604, end_date=20231211T223609
[2023-12-11T22:36:15.151+0000] {local_task_job_runner.py:228} INFO - Task exited with return code 0
[2023-12-11T22:36:19.206+0000] {taskinstance.py:2778} INFO - 0 downstream tasks scheduled from follow-on schedule check
[2023-12-11T22:43:58.079+0000] {taskinstance.py:1159} INFO - Dependencies all met for dep_context=non-requeueable deps ti=<TaskInstance: postgres_dag_v02.create_postgres_table scheduled__2023-12-01T00:00:00+00:00 [queued]>
[2023-12-11T22:43:58.177+0000] {taskinstance.py:1159} INFO - Dependencies all met for dep_context=requeueable deps ti=<TaskInstance: postgres_dag_v02.create_postgres_table scheduled__2023-12-01T00:00:00+00:00 [queued]>
[2023-12-11T22:43:58.179+0000] {taskinstance.py:1361} INFO - Starting attempt 1 of 4
[2023-12-11T22:43:58.331+0000] {taskinstance.py:1382} INFO - Executing <Task(PostgresOperator): create_postgres_table> on 2023-12-01 00:00:00+00:00
[2023-12-11T22:43:58.424+0000] {standard_task_runner.py:57} INFO - Started process 13214 to run task
[2023-12-11T22:43:58.604+0000] {standard_task_runner.py:84} INFO - Running: ['***', 'tasks', 'run', 'postgres_dag_v02', 'create_postgres_table', 'scheduled__2023-12-01T00:00:00+00:00', '--job-id', '300', '--raw', '--subdir', 'DAGS_FOLDER/postgres_dag.py', '--cfg-path', '/tmp/tmp9mz5s9x3']
[2023-12-11T22:43:58.721+0000] {standard_task_runner.py:85} INFO - Job 300: Subtask create_postgres_table
[2023-12-11T22:43:59.589+0000] {task_command.py:416} INFO - Running <TaskInstance: postgres_dag_v02.create_postgres_table scheduled__2023-12-01T00:00:00+00:00 [running]> on host d5f251ea7e03
[2023-12-11T22:44:00.321+0000] {taskinstance.py:1662} INFO - Exporting env vars: AIRFLOW_CTX_DAG_OWNER='sajal' AIRFLOW_CTX_DAG_ID='postgres_dag_v02' AIRFLOW_CTX_TASK_ID='create_postgres_table' AIRFLOW_CTX_EXECUTION_DATE='2023-12-01T00:00:00+00:00' AIRFLOW_CTX_TRY_NUMBER='1' AIRFLOW_CTX_DAG_RUN_ID='scheduled__2023-12-01T00:00:00+00:00'
[2023-12-11T22:44:00.500+0000] {sql.py:274} INFO - Executing: 
            create table if not exists dag_runs (
                dt date,
                dag_id character varying,
                primary key (dt, dag_id)
            )
        
[2023-12-11T22:44:00.631+0000] {base.py:73} INFO - Using connection ID 'postgres_localhost' for task execution.
[2023-12-11T22:44:00.874+0000] {base.py:73} INFO - Using connection ID 'postgres_localhost' for task execution.
[2023-12-11T22:44:01.081+0000] {sql.py:418} INFO - Running statement: 
            create table if not exists dag_runs (
                dt date,
                dag_id character varying,
                primary key (dt, dag_id)
            )
        , parameters: None
[2023-12-11T22:44:01.403+0000] {taskinstance.py:1400} INFO - Marking task as SUCCESS. dag_id=postgres_dag_v02, task_id=create_postgres_table, execution_date=20231201T000000, start_date=20231211T224358, end_date=20231211T224401
[2023-12-11T22:44:01.839+0000] {local_task_job_runner.py:228} INFO - Task exited with return code 0
[2023-12-11T22:44:03.199+0000] {taskinstance.py:2778} INFO - 0 downstream tasks scheduled from follow-on schedule check
